

> @astu/api@1.0.0 lint
> eslint .

[1G[0K(node:79491) [MODULE_TYPELESS_PACKAGE_JSON] Warning: Module type of file:///home/jovanijo/Documents/All_projects/cpd/apps/api/eslint.config.js?mtime=1778002257250 is not specified and it doesn't parse as CommonJS.
Reparsing as ES module because module syntax was detected. This incurs a performance overhead.
To eliminate this warning, add "type": "module" to /home/jovanijo/Documents/All_projects/cpd/apps/api/package.json.
(Use `node --trace-warnings ...` to show where the warning was created)
[0m[0m
[0m[4m/home/jovanijo/Documents/All_projects/cpd/apps/api/controllers/auth.js[24m[0m
[0m   [2m68:12[22m  [33mwarning[39m  'error' is defined but never used  [2mno-unused-vars[22m[0m
[0m  [2m105:12[22m  [33mwarning[39m  'error' is defined but never used  [2mno-unused-vars[22m[0m
[0m  [2m211:12[22m  [33mwarning[39m  'error' is defined but never used  [2mno-unused-vars[22m[0m
[0m  [2m232:12[22m  [33mwarning[39m  'error' is defined but never used  [2mno-unused-vars[22m[0m
[0m[0m
[0m[4m/home/jovanijo/Documents/All_projects/cpd/apps/api/controllers/injury.js[24m[0m
[0m  [2m81:12[22m  [33mwarning[39m  'error' is defined but never used  [2mno-unused-vars[22m[0m
[0m[0m
[0m[4m/home/jovanijo/Documents/All_projects/cpd/apps/api/controllers/match.js[24m[0m
[0m   [2m87:12[22m  [33mwarning[39m  'error' is defined but never used  [2mno-unused-vars[22m[0m
[0m  [2m123:12[22m  [33mwarning[39m  'error' is defined but never used  [2mno-unused-vars[22m[0m
[0m[0m
[0m[4m/home/jovanijo/Documents/All_projects/cpd/apps/api/controllers/matchEvent.js[24m[0m
[0m  [2m52:12[22m  [33mwarning[39m  'error' is defined but never used  [2mno-unused-vars[22m[0m
[0m[0m
[0m[4m/home/jovanijo/Documents/All_projects/cpd/apps/api/controllers/team.js[24m[0m
[0m  [2m109:12[22m  [33mwarning[39m  'error' is defined but never used  [2mno-unused-vars[22m[0m
[0m  [2m144:12[22m  [33mwarning[39m  'error' is defined but never used  [2mno-unused-vars[22m[0m
[0m  [2m159:12[22m  [33mwarning[39m  'error' is defined but never used  [2mno-unused-vars[22m[0m
[0m[0m
[0m[4m/home/jovanijo/Documents/All_projects/cpd/apps/api/controllers/tournament.js[24m[0m
[0m  [2m143:12[22m  [33mwarning[39m  'error' is defined but never used  [2mno-unused-vars[22m[0m
[0m  [2m167:12[22m  [33mwarning[39m  'error' is defined but never used  [2mno-unused-vars[22m[0m
[0m  [2m181:12[22m  [33mwarning[39m  'error' is defined but never used  [2mno-unused-vars[22m[0m
[0m[0m
[0m[33m[1m✖ 14 problems (0 errors, 14 warnings)[22m[39m[0m
[0m[33m[1m[22m[39m[0m
[1G[0K⠙[1G[0K
